<?xml version="1.0" encoding="UTF-8"?>
<!-- Generated by org.testng.reporters.JUnitXMLReporter -->
<testsuite hostname="Vikass-MacBook-Pro.local" ignored="0" name="Parabank Web Test Cases" tests="10" failures="1" timestamp="25 Nov 2022 04:29:03 GMT" time="135.368" errors="0">
  <testcase name="loginPageTitleTest" time="0.043" classname="com.parabank.qa.testcases.LoginPageTest"/>
  <testcase name="verifyHomePageTitleTest" time="0.016" classname="com.parabank.qa.testcases.HomePageTest"/>
  <testcase name="verifyRequestLoanLabel" time="0.081" classname="com.parabank.qa.testcases.RequestLoanPageTest"/>
  <testcase name="bankLogoTest" time="0.052" classname="com.parabank.qa.testcases.LoginPageTest"/>
  <testcase name="verifyUsernameLabelTest" time="11.883" classname="com.parabank.qa.testcases.HomePageTest">
    <failure type="org.openqa.selenium.NoSuchElementException" message="no such element: Unable to locate element: {&amp;quot;method&amp;quot;:&amp;quot;xpath&amp;quot;,&amp;quot;selector&amp;quot;:&amp;quot;//*[contains(text(), &amp;apos;John Smith&amp;apos;)]&amp;quot;}
  (Session info: chrome=107.0.5304.110)
For documentation on this error, please visit: https://selenium.dev/exceptions/#no_such_element
Build info: version: &amp;apos;4.6.0&amp;apos;, revision: &amp;apos;79f1c02ae20&amp;apos;
System info: os.name: &amp;apos;Mac OS X&amp;apos;, os.arch: &amp;apos;x86_64&amp;apos;, os.version: &amp;apos;10.16&amp;apos;, java.version: &amp;apos;1.8.0_291&amp;apos;
Driver info: org.openqa.selenium.chrome.ChromeDriver
Command: [bbf77052a22c923301d64c4e044ebac9, findElement {using=xpath, value=//*[contains(text(), &amp;apos;John Smith&amp;apos;)]}]
Capabilities {acceptInsecureCerts: false, browserName: chrome, browserVersion: 107.0.5304.110, chrome: {chromedriverVersion: 107.0.5304.62 (1eec40d3a576..., userDataDir: /var/folders/l_/mxlyqq6d6qz...}, goog:chromeOptions: {debuggerAddress: localhost:50779}, networkConnectionEnabled: false, pageLoadStrategy: normal, platformName: MAC, proxy: Proxy(), se:cdp: ws://localhost:50779/devtoo..., se:cdpVersion: 107.0.5304.110, setWindowRect: true, strictFileInteractability: false, timeouts: {implicit: 0, pageLoad: 300000, script: 30000}, unhandledPromptBehavior: dismiss and notify, webauthn:extension:credBlob: true, webauthn:extension:largeBlob: true, webauthn:virtualAuthenticators: true}
Session ID: bbf77052a22c923301d64c4e044ebac9">
      <![CDATA[org.openqa.selenium.NoSuchElementException: no such element: Unable to locate element: {"method":"xpath","selector":"//*[contains(text(), 'John Smith')]"}
  (Session info: chrome=107.0.5304.110)
For documentation on this error, please visit: https://selenium.dev/exceptions/#no_such_element
Build info: version: '4.6.0', revision: '79f1c02ae20'
System info: os.name: 'Mac OS X', os.arch: 'x86_64', os.version: '10.16', java.version: '1.8.0_291'
Driver info: org.openqa.selenium.chrome.ChromeDriver
Command: [bbf77052a22c923301d64c4e044ebac9, findElement {using=xpath, value=//*[contains(text(), 'John Smith')]}]
Capabilities {acceptInsecureCerts: false, browserName: chrome, browserVersion: 107.0.5304.110, chrome: {chromedriverVersion: 107.0.5304.62 (1eec40d3a576..., userDataDir: /var/folders/l_/mxlyqq6d6qz...}, goog:chromeOptions: {debuggerAddress: localhost:50779}, networkConnectionEnabled: false, pageLoadStrategy: normal, platformName: MAC, proxy: Proxy(), se:cdp: ws://localhost:50779/devtoo..., se:cdpVersion: 107.0.5304.110, setWindowRect: true, strictFileInteractability: false, timeouts: {implicit: 0, pageLoad: 300000, script: 30000}, unhandledPromptBehavior: dismiss and notify, webauthn:extension:credBlob: true, webauthn:extension:largeBlob: true, webauthn:virtualAuthenticators: true}
Session ID: bbf77052a22c923301d64c4e044ebac9
	at org.openqa.selenium.remote.codec.w3c.W3CHttpResponseCodec.createException(W3CHttpResponseCodec.java:200)
	at org.openqa.selenium.remote.codec.w3c.W3CHttpResponseCodec.decode(W3CHttpResponseCodec.java:133)
	at org.openqa.selenium.remote.codec.w3c.W3CHttpResponseCodec.decode(W3CHttpResponseCodec.java:53)
	at org.openqa.selenium.remote.HttpCommandExecutor.execute(HttpCommandExecutor.java:184)
	at org.openqa.selenium.remote.service.DriverCommandExecutor.invokeExecute(DriverCommandExecutor.java:167)
	at org.openqa.selenium.remote.service.DriverCommandExecutor.execute(DriverCommandExecutor.java:142)
	at org.openqa.selenium.remote.RemoteWebDriver.execute(RemoteWebDriver.java:541)
	at org.openqa.selenium.remote.ElementLocation$ElementFinder$2.findElement(ElementLocation.java:162)
	at org.openqa.selenium.remote.ElementLocation.findElement(ElementLocation.java:60)
	at org.openqa.selenium.remote.RemoteWebDriver.findElement(RemoteWebDriver.java:365)
	at org.openqa.selenium.remote.RemoteWebDriver.findElement(RemoteWebDriver.java:357)
	at org.openqa.selenium.support.events.EventFiringWebDriver.lambda$new$1(EventFiringWebDriver.java:106)
	at com.sun.proxy.$Proxy17.findElement(Unknown Source)
	at org.openqa.selenium.support.events.EventFiringWebDriver.findElement(EventFiringWebDriver.java:195)
	at org.openqa.selenium.support.pagefactory.DefaultElementLocator.findElement(DefaultElementLocator.java:70)
	at org.openqa.selenium.support.pagefactory.internal.LocatingElementHandler.invoke(LocatingElementHandler.java:39)
	at com.sun.proxy.$Proxy21.isDisplayed(Unknown Source)
	at com.parabank.qa.pages.HomePage.verifyUsernameLabel(HomePage.java:36)
	at com.parabank.qa.testcases.HomePageTest.verifyUsernameLabelTest(HomePageTest.java:43)
... Removed 33 stack frames]]>
    </failure>
  </testcase> <!-- verifyUsernameLabelTest -->
  <testcase name="applyLoanApplication" time="3.611" classname="com.parabank.qa.testcases.RequestLoanPageTest"/>
  <testcase name="applyLoanApplication" time="2.932" classname="com.parabank.qa.testcases.RequestLoanPageTest"/>
  <testcase name="applyLoanApplication" time="2.966" classname="com.parabank.qa.testcases.RequestLoanPageTest"/>
  <testcase name="loginTest" time="1.198" classname="com.parabank.qa.testcases.LoginPageTest"/>
  <testcase name="verifyRequestLoanLink" time="0.56" classname="com.parabank.qa.testcases.HomePageTest"/>
</testsuite> <!-- Parabank Web Test Cases -->
